<?xml version="1.0" encoding="UTF-8"?>
<!-- Generated by org.testng.reporters.JUnitXMLReporter -->
<testsuite hostname="Sumeyras-MBP.home" ignored="0" name="hub spot Sanity Test" tests="2" failures="0" timestamp="21 Nov 2019 02:26:58 GMT" time="25.93" errors="0">
  <testcase name="verifyHomePageTest" time="0.044" classname="com.hubspot.tests.HomePageTestClass"/>
  <testcase name="verifyHomePageTitle" time="0.016" classname="com.hubspot.tests.HomePageTestClass"/>
</testsuite> <!-- hub spot Sanity Test -->
