<?xml version="1.0" encoding="UTF-8"?>
<!-- Generated by org.testng.reporters.JUnitXMLReporter -->
<testsuite hostname="Sumeyras-MBP.home" ignored="3" name="Default test" tests="1" failures="0" timestamp="03 Dec 2019 04:38:32 GMT" time="11.739" errors="0">
  <testcase name="Invalidpassword" time="3.863" classname="com.hubspot.tests.LoginTest"/>
  <testcase name="loginTest" time="0.0" classname="com.hubspot.tests.LoginTest">
    <ignored/>
  </testcase> <!-- loginTest -->
  <testcase name="getLoginTitle" time="0.0" classname="com.hubspot.tests.LoginTest">
    <ignored/>
  </testcase> <!-- getLoginTitle -->
  <testcase name="InvalidUsername" time="0.0" classname="com.hubspot.tests.LoginTest">
    <ignored/>
  </testcase> <!-- InvalidUsername -->
</testsuite> <!-- Default test -->
